Started GET "/" for ::1 at 2020-01-23 07:56:30 -0500
  [1m[35m (3.6ms)[0m  [1m[34mSELECT sqlite_version(*)[0m
Processing by Rails::WelcomeController#index as HTML
  Rendering C:/Ruby26-x64/lib/ruby/gems/2.6.0/gems/railties-6.0.2.1/lib/rails/templates/rails/welcome/index.html.erb
  Rendered C:/Ruby26-x64/lib/ruby/gems/2.6.0/gems/railties-6.0.2.1/lib/rails/templates/rails/welcome/index.html.erb (Duration: 6.5ms | Allocations: 416)
Completed 200 OK in 21ms (Views: 12.7ms | ActiveRecord: 0.0ms | Allocations: 2383)


Started GET "/" for ::1 at 2020-01-23 13:51:18 -0500
  [1m[35m (2.3ms)[0m  [1m[34mSELECT sqlite_version(*)[0m
Processing by Rails::WelcomeController#index as HTML
  Rendering C:/Ruby26-x64/lib/ruby/gems/2.6.0/gems/railties-6.0.2.1/lib/rails/templates/rails/welcome/index.html.erb
  Rendered C:/Ruby26-x64/lib/ruby/gems/2.6.0/gems/railties-6.0.2.1/lib/rails/templates/rails/welcome/index.html.erb (Duration: 6.1ms | Allocations: 416)
Completed 200 OK in 22ms (Views: 12.1ms | ActiveRecord: 0.0ms | Allocations: 2426)


Started GET "/movies" for ::1 at 2020-01-23 13:51:31 -0500
Processing by MoviesController#index as HTML
  Rendering movies/index.html.erb within layouts/application
  Rendered movies/index.html.erb within layouts/application (Duration: 0.4ms | Allocations: 153)
[Webpacker] Compiling...
[Webpacker] Compiled all packs in C:/rails-studio/flix/public/packs
[Webpacker] Hash: 53154d7baad00c6a1252
Version: webpack 4.41.5
Time: 1525ms
Built at: 01/23/2020 1:51:38 PM
                                     Asset       Size       Chunks                         Chunk Names
    js/application-0b67a3cc2fcde6055024.js    124 KiB  application  [emitted] [immutable]  application
js/application-0b67a3cc2fcde6055024.js.map    139 KiB  application  [emitted] [dev]        application
                             manifest.json  364 bytes               [emitted]              
Entrypoint application = js/application-0b67a3cc2fcde6055024.js js/application-0b67a3cc2fcde6055024.js.map
[./app/javascript/channels sync recursive _channel\.js$] ./app/javascript/channels sync _channel\.js$ 160 bytes {application} [built]
[./app/javascript/channels/index.js] 211 bytes {application} [built]
[./app/javascript/packs/application.js] 749 bytes {application} [built]
[./node_modules/webpack/buildin/module.js] (webpack)/buildin/module.js 552 bytes {application} [built]
    + 3 hidden modules

Completed 200 OK in 7255ms (Views: 7253.4ms | ActiveRecord: 0.0ms | Allocations: 1346268)


Started GET "/movies" for ::1 at 2020-01-23 13:52:31 -0500
Processing by MoviesController#index as HTML
  Rendering movies/index.html.erb within layouts/application
  Rendered movies/index.html.erb within layouts/application (Duration: 0.1ms | Allocations: 9)
[Webpacker] Everything's up-to-date. Nothing to do
Completed 200 OK in 36ms (Views: 34.5ms | ActiveRecord: 0.0ms | Allocations: 4810)


Started GET "/movies" for ::1 at 2020-01-23 14:03:56 -0500
  [1m[35m (0.1ms)[0m  [1m[34mSELECT sqlite_version(*)[0m
Processing by MoviesController#index as HTML
  Rendering movies/index.html.erb within layouts/application
  Rendered movies/index.html.erb within layouts/application (Duration: 0.0ms | Allocations: 9)
[Webpacker] Everything's up-to-date. Nothing to do
Completed 200 OK in 32ms (Views: 31.3ms | ActiveRecord: 0.0ms | Allocations: 4989)


  [1m[35m (2.6ms)[0m  [1m[34mSELECT sqlite_version(*)[0m
  [1m[35m (7.3ms)[0m  [1m[35mCREATE TABLE "schema_migrations" ("version" varchar NOT NULL PRIMARY KEY)[0m
  [1m[35m (5.3ms)[0m  [1m[35mCREATE TABLE "ar_internal_metadata" ("key" varchar NOT NULL PRIMARY KEY, "value" varchar, "created_at" datetime(6) NOT NULL, "updated_at" datetime(6) NOT NULL)[0m
  [1m[35m (0.1ms)[0m  [1m[34mSELECT "schema_migrations"."version" FROM "schema_migrations" ORDER BY "schema_migrations"."version" ASC[0m
Migrating to CreateMovies (20200123204843)
  [1m[35m (0.0ms)[0m  [1m[36mbegin transaction[0m
  [1m[35m (1.0ms)[0m  [1m[35mCREATE TABLE "movies" ("id" integer PRIMARY KEY AUTOINCREMENT NOT NULL, "title" varchar, "rating" varchar, "total_gross" decimal, "created_at" datetime(6) NOT NULL, "updated_at" datetime(6) NOT NULL)[0m
  [1m[36mprimary::SchemaMigration Create (0.1ms)[0m  [1m[32mINSERT INTO "schema_migrations" ("version") VALUES (?)[0m  [["version", "20200123204843"]]
  [1m[35m (5.5ms)[0m  [1m[36mcommit transaction[0m
  [1m[36mActiveRecord::InternalMetadata Load (0.2ms)[0m  [1m[34mSELECT "ar_internal_metadata".* FROM "ar_internal_metadata" WHERE "ar_internal_metadata"."key" = ? LIMIT ?[0m  [["key", "environment"], ["LIMIT", 1]]
  [1m[35m (0.0ms)[0m  [1m[36mbegin transaction[0m
  [1m[36mActiveRecord::InternalMetadata Create (0.8ms)[0m  [1m[32mINSERT INTO "ar_internal_metadata" ("key", "value", "created_at", "updated_at") VALUES (?, ?, ?, ?)[0m  [["key", "environment"], ["value", "development"], ["created_at", "2020-01-23 20:58:12.068311"], ["updated_at", "2020-01-23 20:58:12.068311"]]
  [1m[35m (5.4ms)[0m  [1m[36mcommit transaction[0m
  [1m[35m (0.1ms)[0m  [1m[34mSELECT sqlite_version(*)[0m
  [1m[35m (0.1ms)[0m  [1m[34mSELECT "schema_migrations"."version" FROM "schema_migrations" ORDER BY "schema_migrations"."version" ASC[0m
  [1m[35m (2.3ms)[0m  [1m[34mSELECT sqlite_version(*)[0m
  [1m[35m (0.2ms)[0m  [1m[34mSELECT "schema_migrations"."version" FROM "schema_migrations" ORDER BY "schema_migrations"."version" ASC[0m
  [1m[35m (2.6ms)[0m  [1m[34mSELECT sqlite_version(*)[0m
  [1m[36mMovie Load (0.2ms)[0m  [1m[34mSELECT "movies".* FROM "movies" LIMIT ?[0m  [["LIMIT", 11]]
  [1m[35m (0.3ms)[0m  [1m[36mbegin transaction[0m
  [1m[36mMovie Create (6.5ms)[0m  [1m[32mINSERT INTO "movies" ("title", "rating", "total_gross", "created_at", "updated_at") VALUES (?, ?, ?, ?, ?)[0m  [["title", "Iron Man"], ["rating", "PG-13"], ["total_gross", 585366247.0], ["created_at", "2020-01-23 21:08:55.985626"], ["updated_at", "2020-01-23 21:08:55.985626"]]
  [1m[35m (15.0ms)[0m  [1m[36mcommit transaction[0m
  [1m[36mMovie Load (0.2ms)[0m  [1m[34mSELECT "movies".* FROM "movies" LIMIT ?[0m  [["LIMIT", 11]]
  [1m[35m (0.1ms)[0m  [1m[36mbegin transaction[0m
  [1m[36mMovie Create (3.8ms)[0m  [1m[32mINSERT INTO "movies" ("title", "rating", "total_gross", "created_at", "updated_at") VALUES (?, ?, ?, ?, ?)[0m  [["title", "Superman"], ["rating", "PG"], ["total_gross", 300451603.0], ["created_at", "2020-01-23 21:11:02.739313"], ["updated_at", "2020-01-23 21:11:02.739313"]]
  [1m[35m (5.1ms)[0m  [1m[36mcommit transaction[0m
  [1m[35m (0.4ms)[0m  [1m[34mSELECT COUNT(*) FROM "movies"[0m
  [1m[36mMovie Load (0.3ms)[0m  [1m[34mSELECT "movies".* FROM "movies" LIMIT ?[0m  [["LIMIT", 11]]
  [1m[35m (0.1ms)[0m  [1m[36mbegin transaction[0m
  [1m[36mMovie Create (4.5ms)[0m  [1m[32mINSERT INTO "movies" ("title", "rating", "total_gross", "created_at", "updated_at") VALUES (?, ?, ?, ?, ?)[0m  [["title", "Spider-Man"], ["rating", "PG-13"], ["total_gross", 825025036.0], ["created_at", "2020-01-23 21:11:58.998012"], ["updated_at", "2020-01-23 21:11:58.998012"]]
  [1m[35m (7.1ms)[0m  [1m[36mcommit transaction[0m
  [1m[35m (0.2ms)[0m  [1m[34mSELECT COUNT(*) FROM "movies"[0m
  [1m[36mMovie Load (0.3ms)[0m  [1m[34mSELECT "movies".* FROM "movies" LIMIT ?[0m  [["LIMIT", 11]]
  [1m[36mMovie Load (0.2ms)[0m  [1m[34mSELECT "movies".* FROM "movies" WHERE "movies"."id" = ? LIMIT ?[0m  [["id", 1], ["LIMIT", 1]]
  [1m[35m (0.1ms)[0m  [1m[36mbegin transaction[0m
  [1m[36mMovie Update (4.7ms)[0m  [1m[33mUPDATE "movies" SET "title" = ?, "total_gross" = ?, "updated_at" = ? WHERE "movies"."id" = ?[0m  [["title", "Iron Man 2"], ["total_gross", 1170732494.0], ["updated_at", "2020-01-23 21:13:59.919646"], ["id", 1]]
  [1m[35m (6.4ms)[0m  [1m[36mcommit transaction[0m
  [1m[35m (0.1ms)[0m  [1m[36mbegin transaction[0m
  [1m[36mMovie Update (15.4ms)[0m  [1m[33mUPDATE "movies" SET "title" = ?, "total_gross" = ?, "updated_at" = ? WHERE "movies"."id" = ?[0m  [["title", "Iron Man"], ["total_gross", 585366247.0], ["updated_at", "2020-01-23 21:14:45.733204"], ["id", 1]]
  [1m[35m (5.6ms)[0m  [1m[36mcommit transaction[0m
  [1m[36mMovie Load (0.3ms)[0m  [1m[34mSELECT "movies".* FROM "movies" WHERE "movies"."title" = ? LIMIT ?[0m  [["title", "Spider-Man"], ["LIMIT", 1]]
  [1m[35m (0.1ms)[0m  [1m[36mbegin transaction[0m
  [1m[36mMovie Destroy (4.2ms)[0m  [1m[31mDELETE FROM "movies" WHERE "movies"."id" = ?[0m  [["id", 3]]
  [1m[35m (6.1ms)[0m  [1m[36mcommit transaction[0m
  [1m[35m (0.1ms)[0m  [1m[36mbegin transaction[0m
  [1m[36mMovie Create (4.4ms)[0m  [1m[32mINSERT INTO "movies" ("title", "rating", "total_gross", "created_at", "updated_at") VALUES (?, ?, ?, ?, ?)[0m  [["title", "Spider-Man"], ["rating", "PG-13"], ["total_gross", 825025036.0], ["created_at", "2020-01-23 21:18:46.623523"], ["updated_at", "2020-01-23 21:18:46.623523"]]
  [1m[35m (5.8ms)[0m  [1m[36mcommit transaction[0m
  [1m[35m (0.4ms)[0m  [1m[34mSELECT COUNT(*) FROM "movies"[0m
  [1m[36mMovie Load (0.3ms)[0m  [1m[34mSELECT "movies".* FROM "movies" LIMIT ?[0m  [["LIMIT", 11]]
  [1m[36mMovie Load (0.3ms)[0m  [1m[34mSELECT "movies".* FROM "movies" LIMIT ?[0m  [["LIMIT", 11]]
  [1m[36mMovie Load (0.2ms)[0m  [1m[34mSELECT "movies".* FROM "movies" LIMIT ?[0m  [["LIMIT", 11]]
  [1m[36mMovie Load (0.2ms)[0m  [1m[34mSELECT "movies".* FROM "movies" LIMIT ?[0m  [["LIMIT", 11]]
  [1m[36mMovie Load (0.4ms)[0m  [1m[34mSELECT "movies".* FROM "movies" LIMIT ?[0m  [["LIMIT", 11]]
  [1m[36mMovie Load (0.2ms)[0m  [1m[34mSELECT "movies".* FROM "movies" WHERE "movies"."id" = ? LIMIT ?[0m  [["id", 4], ["LIMIT", 1]]
Started GET "/events" for ::1 at 2020-01-23 17:46:08 -0500
  [1m[35m (3.9ms)[0m  [1m[34mSELECT sqlite_version(*)[0m
  [1m[35m (0.2ms)[0m  [1m[34mSELECT "schema_migrations"."version" FROM "schema_migrations" ORDER BY "schema_migrations"."version" ASC[0m
  
ActionController::RoutingError (No route matches [GET] "/events"):
  
actionpack (6.0.2.1) lib/action_dispatch/middleware/debug_exceptions.rb:36:in `call'
web-console (4.0.1) lib/web_console/middleware.rb:132:in `call_app'
web-console (4.0.1) lib/web_console/middleware.rb:28:in `block in call'
web-console (4.0.1) lib/web_console/middleware.rb:17:in `catch'
web-console (4.0.1) lib/web_console/middleware.rb:17:in `call'
actionpack (6.0.2.1) lib/action_dispatch/middleware/show_exceptions.rb:33:in `call'
railties (6.0.2.1) lib/rails/rack/logger.rb:38:in `call_app'
railties (6.0.2.1) lib/rails/rack/logger.rb:26:in `block in call'
activesupport (6.0.2.1) lib/active_support/tagged_logging.rb:80:in `block in tagged'
activesupport (6.0.2.1) lib/active_support/tagged_logging.rb:28:in `tagged'
activesupport (6.0.2.1) lib/active_support/tagged_logging.rb:80:in `tagged'
railties (6.0.2.1) lib/rails/rack/logger.rb:26:in `call'
sprockets-rails (3.2.1) lib/sprockets/rails/quiet_assets.rb:13:in `call'
actionpack (6.0.2.1) lib/action_dispatch/middleware/remote_ip.rb:81:in `call'
actionpack (6.0.2.1) lib/action_dispatch/middleware/request_id.rb:27:in `call'
rack (2.1.1) lib/rack/method_override.rb:24:in `call'
rack (2.1.1) lib/rack/runtime.rb:24:in `call'
activesupport (6.0.2.1) lib/active_support/cache/strategy/local_cache_middleware.rb:29:in `call'
actionpack (6.0.2.1) lib/action_dispatch/middleware/executor.rb:14:in `call'
actionpack (6.0.2.1) lib/action_dispatch/middleware/static.rb:126:in `call'
rack (2.1.1) lib/rack/sendfile.rb:113:in `call'
actionpack (6.0.2.1) lib/action_dispatch/middleware/host_authorization.rb:83:in `call'
webpacker (4.2.2) lib/webpacker/dev_server_proxy.rb:23:in `perform_request'
rack-proxy (0.6.5) lib/rack/proxy.rb:57:in `call'
railties (6.0.2.1) lib/rails/engine.rb:526:in `call'
puma (3.12.2) lib/puma/configuration.rb:227:in `call'
puma (3.12.2) lib/puma/server.rb:674:in `handle_request'
puma (3.12.2) lib/puma/server.rb:476:in `process_client'
puma (3.12.2) lib/puma/server.rb:334:in `block in run'
puma (3.12.2) lib/puma/thread_pool.rb:135:in `block in spawn_thread'
Started GET "/" for ::1 at 2020-01-23 17:46:12 -0500
Processing by Rails::WelcomeController#index as HTML
  Rendering C:/Ruby26-x64/lib/ruby/gems/2.6.0/gems/railties-6.0.2.1/lib/rails/templates/rails/welcome/index.html.erb
  Rendered C:/Ruby26-x64/lib/ruby/gems/2.6.0/gems/railties-6.0.2.1/lib/rails/templates/rails/welcome/index.html.erb (Duration: 3.8ms | Allocations: 190)
Completed 200 OK in 7ms (Views: 5.4ms | ActiveRecord: 0.0ms | Allocations: 1011)


Started GET "/movies" for ::1 at 2020-01-23 17:46:18 -0500
Processing by MoviesController#index as HTML
  Rendering movies/index.html.erb within layouts/application
  [1m[36mMovie Load (0.2ms)[0m  [1m[34mSELECT "movies".* FROM "movies"[0m
  ↳ app/views/movies/index.html.erb:2
  Rendered movies/index.html.erb within layouts/application (Duration: 7.6ms | Allocations: 4975)
[Webpacker] Everything's up-to-date. Nothing to do
Completed 200 OK in 3867ms (Views: 3863.0ms | ActiveRecord: 1.6ms | Allocations: 1344859)


Started GET "/movies" for ::1 at 2020-01-23 17:48:08 -0500
  [1m[35m (0.1ms)[0m  [1m[34mSELECT sqlite_version(*)[0m
Processing by MoviesController#index as HTML
  Rendering movies/index.html.erb within layouts/application
  Rendered movies/index.html.erb within layouts/application (Duration: 1.2ms | Allocations: 1848)
Completed 500 Internal Server Error in 4ms (ActiveRecord: 0.0ms | Allocations: 2820)


  
ActionView::Template::Error (undefined method `each' for "Movie":String):
    1: <ul>
    2:   <% @movies.each do |movie| %>
    3:     <li><%= movie %></li>
    4:   <% end %>  
    5: </ul>
  
app/views/movies/index.html.erb:2
Started GET "/movies" for ::1 at 2020-01-23 17:48:44 -0500
  [1m[35m (0.1ms)[0m  [1m[34mSELECT sqlite_version(*)[0m
Processing by MoviesController#index as HTML
  Rendering movies/index.html.erb within layouts/application
  [1m[36mMovie Load (0.2ms)[0m  [1m[34mSELECT "movies".* FROM "movies"[0m
  ↳ app/views/movies/index.html.erb:2
  Rendered movies/index.html.erb within layouts/application (Duration: 8.9ms | Allocations: 7094)
Completed 500 Internal Server Error in 15ms (ActiveRecord: 1.2ms | Allocations: 8703)


  
ActionView::Template::Error (undefined method `name' for #<Movie:0x000000000eabc9e0>):
    1: <ul>
    2:   <% @movies.each do |movie| %>
    3:     <li><%= movie.name %></li>
    4:   <% end %>  
    5: </ul>
  
app/views/movies/index.html.erb:3
app/views/movies/index.html.erb:2
Started GET "/movies" for ::1 at 2020-01-23 17:48:47 -0500
Processing by MoviesController#index as HTML
  Rendering movies/index.html.erb within layouts/application
  [1m[36mMovie Load (0.1ms)[0m  [1m[34mSELECT "movies".* FROM "movies"[0m
  ↳ app/views/movies/index.html.erb:2
  Rendered movies/index.html.erb within layouts/application (Duration: 3.6ms | Allocations: 2941)
Completed 500 Internal Server Error in 5ms (ActiveRecord: 0.1ms | Allocations: 3442)


  
ActionView::Template::Error (undefined method `name' for #<Movie:0x000000000eceffa0>):
    1: <ul>
    2:   <% @movies.each do |movie| %>
    3:     <li><%= movie.name %></li>
    4:   <% end %>  
    5: </ul>
  
app/views/movies/index.html.erb:3
app/views/movies/index.html.erb:2
Started GET "/movies" for ::1 at 2020-01-23 17:49:47 -0500
Processing by MoviesController#index as HTML
  Rendering movies/index.html.erb within layouts/application
  [1m[36mMovie Load (0.2ms)[0m  [1m[34mSELECT "movies".* FROM "movies"[0m
  ↳ app/views/movies/index.html.erb:2
  Rendered movies/index.html.erb within layouts/application (Duration: 1.9ms | Allocations: 750)
[Webpacker] Everything's up-to-date. Nothing to do
Completed 200 OK in 40ms (Views: 37.9ms | ActiveRecord: 0.2ms | Allocations: 6485)


  [1m[35m (3.4ms)[0m  [1m[34mSELECT sqlite_version(*)[0m
  [1m[35m (0.2ms)[0m  [1m[34mSELECT "schema_migrations"."version" FROM "schema_migrations" ORDER BY "schema_migrations"."version" ASC[0m
  [1m[35m (3.8ms)[0m  [1m[34mSELECT sqlite_version(*)[0m
  [1m[35m (0.2ms)[0m  [1m[34mSELECT "schema_migrations"."version" FROM "schema_migrations" ORDER BY "schema_migrations"."version" ASC[0m
Migrating to AddFieldsToMovies (20200124171542)
  [1m[35m (0.0ms)[0m  [1m[36mbegin transaction[0m
  [1m[35m (1.0ms)[0m  [1m[35mALTER TABLE "movies" ADD "description" text[0m
  [1m[35m (0.4ms)[0m  [1m[35mALTER TABLE "movies" ADD "released_on" date[0m
  [1m[36mprimary::SchemaMigration Create (0.2ms)[0m  [1m[32mINSERT INTO "schema_migrations" ("version") VALUES (?)[0m  [["version", "20200124171542"]]
  [1m[35m (5.1ms)[0m  [1m[36mcommit transaction[0m
  [1m[36mActiveRecord::InternalMetadata Load (0.5ms)[0m  [1m[34mSELECT "ar_internal_metadata".* FROM "ar_internal_metadata" WHERE "ar_internal_metadata"."key" = ? LIMIT ?[0m  [["key", "environment"], ["LIMIT", 1]]
  [1m[35m (0.0ms)[0m  [1m[34mSELECT sqlite_version(*)[0m
  [1m[35m (0.1ms)[0m  [1m[34mSELECT "schema_migrations"."version" FROM "schema_migrations" ORDER BY "schema_migrations"."version" ASC[0m
  [1m[35m (2.4ms)[0m  [1m[34mSELECT sqlite_version(*)[0m
  [1m[35m (0.2ms)[0m  [1m[34mSELECT "schema_migrations"."version" FROM "schema_migrations" ORDER BY "schema_migrations"."version" ASC[0m
  [1m[35m (2.3ms)[0m  [1m[34mSELECT sqlite_version(*)[0m
  [1m[36mMovie Load (0.5ms)[0m  [1m[34mSELECT "movies".* FROM "movies" WHERE "movies"."title" = ? LIMIT ?[0m  [["title", "Iron Man"], ["LIMIT", 1]]
  [1m[35m (0.1ms)[0m  [1m[36mbegin transaction[0m
  [1m[36mMovie Update (4.0ms)[0m  [1m[33mUPDATE "movies" SET "updated_at" = ?, "description" = ?, "released_on" = ? WHERE "movies"."id" = ?[0m  [["updated_at", "2020-01-24 17:26:48.673418"], ["description", "Tony Stark builds an armored suit to fight the throes of evil"], ["released_on", "2008-05-02"], ["id", 1]]
  [1m[35m (5.1ms)[0m  [1m[36mcommit transaction[0m
  [1m[36mMovie Load (0.3ms)[0m  [1m[34mSELECT "movies".* FROM "movies" WHERE "movies"."title" = ? LIMIT ?[0m  [["title", "Superman"], ["LIMIT", 1]]
  [1m[35m (0.1ms)[0m  [1m[36mbegin transaction[0m
  [1m[36mMovie Update (1.3ms)[0m  [1m[33mUPDATE "movies" SET "updated_at" = ?, "description" = ?, "released_on" = ? WHERE "movies"."id" = ?[0m  [["updated_at", "2020-01-24 17:27:51.875478"], ["description", "Clark Kent grows up to be the greatest super-hero"], ["released_on", "1978-12-15"], ["id", 2]]
  [1m[35m (6.3ms)[0m  [1m[36mcommit transaction[0m
  [1m[36mMovie Load (0.3ms)[0m  [1m[34mSELECT "movies".* FROM "movies" WHERE "movies"."title" = ? LIMIT ?[0m  [["title", "Spider-Man"], ["LIMIT", 1]]
  [1m[35m (0.0ms)[0m  [1m[36mbegin transaction[0m
  [1m[36mMovie Update (3.6ms)[0m  [1m[33mUPDATE "movies" SET "updated_at" = ?, "description" = ?, "released_on" = ? WHERE "movies"."id" = ?[0m  [["updated_at", "2020-01-24 17:28:24.666959"], ["description", "Peter Parker gets bit by a genetically modified spider"], ["released_on", "2002-05-03"], ["id", 4]]
  [1m[35m (4.7ms)[0m  [1m[36mcommit transaction[0m
Started GET "/" for ::1 at 2020-01-24 12:33:05 -0500
  [1m[35m (2.3ms)[0m  [1m[34mSELECT sqlite_version(*)[0m
  [1m[35m (0.1ms)[0m  [1m[34mSELECT "schema_migrations"."version" FROM "schema_migrations" ORDER BY "schema_migrations"."version" ASC[0m
Processing by Rails::WelcomeController#index as HTML
  Rendering C:/Ruby26-x64/lib/ruby/gems/2.6.0/gems/railties-6.0.2.1/lib/rails/templates/rails/welcome/index.html.erb
  Rendered C:/Ruby26-x64/lib/ruby/gems/2.6.0/gems/railties-6.0.2.1/lib/rails/templates/rails/welcome/index.html.erb (Duration: 7.2ms | Allocations: 416)
Completed 200 OK in 25ms (Views: 13.6ms | ActiveRecord: 0.0ms | Allocations: 2332)


Started GET "/movies" for ::1 at 2020-01-24 12:33:12 -0500
Processing by MoviesController#index as HTML
  Rendering movies/index.html.erb within layouts/application
  [1m[36mMovie Load (0.3ms)[0m  [1m[34mSELECT "movies".* FROM "movies"[0m
  ↳ app/views/movies/index.html.erb:4
  Rendered movies/index.html.erb within layouts/application (Duration: 44.8ms | Allocations: 10862)
[Webpacker] Everything's up-to-date. Nothing to do
Completed 200 OK in 4507ms (Views: 4503.1ms | ActiveRecord: 1.1ms | Allocations: 1350664)


  [1m[35m (2.3ms)[0m  [1m[34mSELECT sqlite_version(*)[0m
  [1m[35m (0.1ms)[0m  [1m[36mbegin transaction[0m
  [1m[36mMovie Create (3.7ms)[0m  [1m[32mINSERT INTO "movies" ("title", "rating", "total_gross", "created_at", "updated_at", "description", "released_on") VALUES (?, ?, ?, ?, ?, ?, ?)[0m  [["title", "Fantastic Four"], ["rating", "PG-13"], ["total_gross", 168257860.0], ["created_at", "2020-01-25 03:02:29.026696"], ["updated_at", "2020-01-25 03:02:29.026696"], ["description", "Four young outsiders teleport to an alternate and dangerous universe"], ["released_on", "2015-08-07"]]
  [1m[35m (5.1ms)[0m  [1m[36mcommit transaction[0m
Started GET "/events" for ::1 at 2020-01-24 22:04:20 -0500
  [1m[35m (4.1ms)[0m  [1m[34mSELECT sqlite_version(*)[0m
  [1m[35m (0.2ms)[0m  [1m[34mSELECT "schema_migrations"."version" FROM "schema_migrations" ORDER BY "schema_migrations"."version" ASC[0m
  
ActionController::RoutingError (No route matches [GET] "/events"):
  
actionpack (6.0.2.1) lib/action_dispatch/middleware/debug_exceptions.rb:36:in `call'
web-console (4.0.1) lib/web_console/middleware.rb:132:in `call_app'
web-console (4.0.1) lib/web_console/middleware.rb:28:in `block in call'
web-console (4.0.1) lib/web_console/middleware.rb:17:in `catch'
web-console (4.0.1) lib/web_console/middleware.rb:17:in `call'
actionpack (6.0.2.1) lib/action_dispatch/middleware/show_exceptions.rb:33:in `call'
railties (6.0.2.1) lib/rails/rack/logger.rb:38:in `call_app'
railties (6.0.2.1) lib/rails/rack/logger.rb:26:in `block in call'
activesupport (6.0.2.1) lib/active_support/tagged_logging.rb:80:in `block in tagged'
activesupport (6.0.2.1) lib/active_support/tagged_logging.rb:28:in `tagged'
activesupport (6.0.2.1) lib/active_support/tagged_logging.rb:80:in `tagged'
railties (6.0.2.1) lib/rails/rack/logger.rb:26:in `call'
sprockets-rails (3.2.1) lib/sprockets/rails/quiet_assets.rb:13:in `call'
actionpack (6.0.2.1) lib/action_dispatch/middleware/remote_ip.rb:81:in `call'
actionpack (6.0.2.1) lib/action_dispatch/middleware/request_id.rb:27:in `call'
rack (2.1.1) lib/rack/method_override.rb:24:in `call'
rack (2.1.1) lib/rack/runtime.rb:24:in `call'
activesupport (6.0.2.1) lib/active_support/cache/strategy/local_cache_middleware.rb:29:in `call'
actionpack (6.0.2.1) lib/action_dispatch/middleware/executor.rb:14:in `call'
actionpack (6.0.2.1) lib/action_dispatch/middleware/static.rb:126:in `call'
rack (2.1.1) lib/rack/sendfile.rb:113:in `call'
actionpack (6.0.2.1) lib/action_dispatch/middleware/host_authorization.rb:83:in `call'
webpacker (4.2.2) lib/webpacker/dev_server_proxy.rb:23:in `perform_request'
rack-proxy (0.6.5) lib/rack/proxy.rb:57:in `call'
railties (6.0.2.1) lib/rails/engine.rb:526:in `call'
puma (3.12.2) lib/puma/configuration.rb:227:in `call'
puma (3.12.2) lib/puma/server.rb:674:in `handle_request'
puma (3.12.2) lib/puma/server.rb:476:in `process_client'
puma (3.12.2) lib/puma/server.rb:334:in `block in run'
puma (3.12.2) lib/puma/thread_pool.rb:135:in `block in spawn_thread'
Started GET "/movies" for ::1 at 2020-01-24 22:04:30 -0500
Processing by MoviesController#index as HTML
  Rendering movies/index.html.erb within layouts/application
  [1m[36mMovie Load (0.2ms)[0m  [1m[34mSELECT "movies".* FROM "movies"[0m
  ↳ app/views/movies/index.html.erb:2
  Rendered movies/index.html.erb within layouts/application (Duration: 144.1ms | Allocations: 80694)
Completed 500 Internal Server Error in 151ms (ActiveRecord: 1.0ms | Allocations: 82466)


  
ActionView::Template::Error (undefined method `total_gross' for #<#<Class:0x00000000092aa5e0>:0x00000000092a8628>):
    2:   <% @movies.each do |movie| %>
    3:     <li>
    4:       <strong><%= movie.title %></strong> (<%= movie.rating %>):
    5:       <%= total_gross(movie) %>
    6:       <p>
    7:         <%= truncate(movie.description, length: 40, separator: ' ') %>
    8:       </p>
  
app/views/movies/index.html.erb:5
app/views/movies/index.html.erb:2
Started GET "/movies" for ::1 at 2020-01-24 22:09:43 -0500
  [1m[35m (0.1ms)[0m  [1m[34mSELECT sqlite_version(*)[0m
Processing by MoviesController#index as HTML
  Rendering movies/index.html.erb within layouts/application
  [1m[36mMovie Load (0.2ms)[0m  [1m[34mSELECT "movies".* FROM "movies"[0m
  ↳ app/views/movies/index.html.erb:2
  Rendered movies/index.html.erb within layouts/application (Duration: 143.7ms | Allocations: 80177)
Completed 500 Internal Server Error in 147ms (ActiveRecord: 0.8ms | Allocations: 81188)


  
ActionView::Template::Error (undefined method `total_gross' for #<#<Class:0x000000000bd3d3e8>:0x000000000bd977d0>):
    2:   <% @movies.each do |movie| %>
    3:     <li>
    4:       <strong><%= movie.title %></strong> (<%= movie.rating %>):
    5:       <%= total_gross(movie) %>
    6:       <p>
    7:         <%= truncate(movie.description, length: 40, separator: ' ') %>
    8:       </p>
  
app/views/movies/index.html.erb:5
app/views/movies/index.html.erb:2
Started GET "/movies" for ::1 at 2020-01-24 22:10:07 -0500
Processing by MoviesController#index as HTML
  Rendering movies/index.html.erb within layouts/application
  [1m[36mMovie Load (0.1ms)[0m  [1m[34mSELECT "movies".* FROM "movies"[0m
  ↳ app/views/movies/index.html.erb:2
  Rendered movies/index.html.erb within layouts/application (Duration: 134.0ms | Allocations: 75127)
Completed 500 Internal Server Error in 140ms (ActiveRecord: 0.1ms | Allocations: 76360)


  
ActionView::Template::Error (undefined method `total_gross' for #<#<Class:0x000000000bd8f8f0>:0x000000000bd8d2a8>):
    3:     <li>
    4:       <strong><%= movie.title %></strong> 
    5:       (<%= movie.rating %>):
    6:       <%= total_gross(movie) %>
    7:       <p>
    8:         <%= truncate(movie.description, length: 40, separator: ' ') %>
    9:       </p>
  
app/views/movies/index.html.erb:6
app/views/movies/index.html.erb:2
  [1m[35m (3.0ms)[0m  [1m[34mSELECT sqlite_version(*)[0m
  [1m[36mMovie Load (0.3ms)[0m  [1m[34mSELECT "movies".* FROM "movies" WHERE "movies"."title" = ? LIMIT ?[0m  [["title", "Iron Man"], ["LIMIT", 1]]
  [1m[36mMovie Load (0.4ms)[0m  [1m[34mSELECT "movies".* FROM "movies" WHERE "movies"."title" = ? LIMIT ?[0m  [["title", "Iron Man"], ["LIMIT", 1]]
Started GET "/" for ::1 at 2020-01-24 22:15:19 -0500
  [1m[35m (2.5ms)[0m  [1m[34mSELECT sqlite_version(*)[0m
  [1m[35m (0.1ms)[0m  [1m[34mSELECT "schema_migrations"."version" FROM "schema_migrations" ORDER BY "schema_migrations"."version" ASC[0m
Processing by Rails::WelcomeController#index as HTML
  Rendering C:/Ruby26-x64/lib/ruby/gems/2.6.0/gems/railties-6.0.2.1/lib/rails/templates/rails/welcome/index.html.erb
  Rendered C:/Ruby26-x64/lib/ruby/gems/2.6.0/gems/railties-6.0.2.1/lib/rails/templates/rails/welcome/index.html.erb (Duration: 7.2ms | Allocations: 416)
Completed 200 OK in 27ms (Views: 14.8ms | ActiveRecord: 0.0ms | Allocations: 2466)


Started GET "/movies" for ::1 at 2020-01-24 22:15:25 -0500
Processing by MoviesController#index as HTML
  Rendering movies/index.html.erb within layouts/application
  [1m[36mMovie Load (0.2ms)[0m  [1m[34mSELECT "movies".* FROM "movies"[0m
  ↳ app/views/movies/index.html.erb:2
  Rendered movies/index.html.erb within layouts/application (Duration: 143.3ms | Allocations: 81235)
Completed 500 Internal Server Error in 149ms (ActiveRecord: 0.9ms | Allocations: 82918)


  
ActionView::Template::Error (undefined method `total_gross' for #<#<Class:0x000000000b723e08>:0x000000000b722530>):
    3:     <li>
    4:       <strong><%= movie.title %></strong> 
    5:       (<%= movie.rating %>):
    6:       <%= total_gross(movie) %>
    7:       <p>
    8:         <%= truncate(movie.description, length: 40, separator: ' ') %>
    9:       </p>
  
app/views/movies/index.html.erb:6
app/views/movies/index.html.erb:2
  [1m[35m (2.5ms)[0m  [1m[34mSELECT sqlite_version(*)[0m
  [1m[36mMovie Load (0.4ms)[0m  [1m[34mSELECT "movies".* FROM "movies" WHERE "movies"."title" = ? LIMIT ?[0m  [["title", "Iron Man"], ["LIMIT", 1]]
Started GET "/" for ::1 at 2020-01-24 22:20:23 -0500
  [1m[35m (2.5ms)[0m  [1m[34mSELECT sqlite_version(*)[0m
  [1m[35m (0.2ms)[0m  [1m[34mSELECT "schema_migrations"."version" FROM "schema_migrations" ORDER BY "schema_migrations"."version" ASC[0m
Processing by Rails::WelcomeController#index as HTML
  Rendering C:/Ruby26-x64/lib/ruby/gems/2.6.0/gems/railties-6.0.2.1/lib/rails/templates/rails/welcome/index.html.erb
  Rendered C:/Ruby26-x64/lib/ruby/gems/2.6.0/gems/railties-6.0.2.1/lib/rails/templates/rails/welcome/index.html.erb (Duration: 8.3ms | Allocations: 416)
Completed 200 OK in 26ms (Views: 14.6ms | ActiveRecord: 0.0ms | Allocations: 2480)


Started GET "/movies" for ::1 at 2020-01-24 22:20:33 -0500
Processing by MoviesController#index as HTML
  Rendering movies/index.html.erb within layouts/application
  [1m[36mMovie Load (0.2ms)[0m  [1m[34mSELECT "movies".* FROM "movies"[0m
  ↳ app/views/movies/index.html.erb:2
  Rendered movies/index.html.erb within layouts/application (Duration: 147.1ms | Allocations: 81239)
Completed 500 Internal Server Error in 157ms (ActiveRecord: 0.9ms | Allocations: 82908)


  
ActionView::Template::Error (undefined method `total_gross' for #<#<Class:0x000000000b7a76e0>:0x000000000b7a5e80>):
    3:     <li>
    4:       <strong><%= movie.title %></strong> 
    5:       (<%= movie.rating %>):
    6:       <%= total_gross(movie) %>
    7:       <p>
    8:         <%= truncate(movie.description, length: 40, separator: ' ') %>
    9:       </p>
  
app/views/movies/index.html.erb:6
app/views/movies/index.html.erb:2
Started GET "/movies" for ::1 at 2020-01-24 22:25:36 -0500
  [1m[35m (2.6ms)[0m  [1m[34mSELECT sqlite_version(*)[0m
  [1m[35m (0.2ms)[0m  [1m[34mSELECT "schema_migrations"."version" FROM "schema_migrations" ORDER BY "schema_migrations"."version" ASC[0m
Processing by MoviesController#index as HTML
  Rendering movies/index.html.erb within layouts/application
  [1m[36mMovie Load (0.2ms)[0m  [1m[34mSELECT "movies".* FROM "movies"[0m
  ↳ app/views/movies/index.html.erb:2
  Rendered movies/index.html.erb within layouts/application (Duration: 153.7ms | Allocations: 81457)
Completed 500 Internal Server Error in 174ms (ActiveRecord: 0.8ms | Allocations: 84328)


  
ActionView::Template::Error (undefined method `total_gross' for #<#<Class:0x000000000b66d978>:0x000000000b66e260>):
    2:   <% @movies.each do |movie| %>
    3:     <li>
    4:       <strong><%= movie.title %></strong> (<%= movie.rating %>):
    5:       <%= total_gross(movie) %>
    6:       <p>
    7:         <%= truncate(movie.description, length: 40, separator: ' ') %>
    8:       </p>
  
app/views/movies/index.html.erb:5
app/views/movies/index.html.erb:2
Started GET "/movies" for ::1 at 2020-01-24 22:29:02 -0500
  [1m[35m (2.4ms)[0m  [1m[34mSELECT sqlite_version(*)[0m
  [1m[35m (0.6ms)[0m  [1m[34mSELECT "schema_migrations"."version" FROM "schema_migrations" ORDER BY "schema_migrations"."version" ASC[0m
Processing by MoviesController#index as HTML
  Rendering movies/index.html.erb within layouts/application
  [1m[36mMovie Load (0.3ms)[0m  [1m[34mSELECT "movies".* FROM "movies"[0m
  ↳ app/views/movies/index.html.erb:2
  Rendered movies/index.html.erb within layouts/application (Duration: 41.2ms | Allocations: 11159)
[Webpacker] Everything's up-to-date. Nothing to do
Completed 200 OK in 4445ms (Views: 4430.6ms | ActiveRecord: 1.3ms | Allocations: 1352367)


Started GET "/movies" for ::1 at 2020-01-24 22:29:50 -0500
Processing by MoviesController#index as HTML
  Rendering movies/index.html.erb within layouts/application
  [1m[36mMovie Load (0.1ms)[0m  [1m[34mSELECT "movies".* FROM "movies"[0m
  ↳ app/views/movies/index.html.erb:2
  Rendered movies/index.html.erb within layouts/application (Duration: 2.8ms | Allocations: 1340)
[Webpacker] Everything's up-to-date. Nothing to do
Completed 200 OK in 42ms (Views: 40.2ms | ActiveRecord: 0.1ms | Allocations: 7103)


Started GET "/" for ::1 at 2020-01-24 22:41:55 -0500
  [1m[35m (0.1ms)[0m  [1m[34mSELECT sqlite_version(*)[0m
Processing by Rails::WelcomeController#index as HTML
  Rendering C:/Ruby26-x64/lib/ruby/gems/2.6.0/gems/railties-6.0.2.1/lib/rails/templates/rails/welcome/index.html.erb
  Rendered C:/Ruby26-x64/lib/ruby/gems/2.6.0/gems/railties-6.0.2.1/lib/rails/templates/rails/welcome/index.html.erb (Duration: 4.1ms | Allocations: 190)
Completed 200 OK in 8ms (Views: 5.7ms | ActiveRecord: 0.0ms | Allocations: 1032)


Started GET "/movies" for ::1 at 2020-01-24 22:42:08 -0500
Processing by MoviesController#index as HTML
  Rendering movies/index.html.erb within layouts/application
  [1m[36mMovie Load (0.2ms)[0m  [1m[34mSELECT "movies".* FROM "movies"[0m
  ↳ app/views/movies/index.html.erb:2
  Rendered movies/index.html.erb within layouts/application (Duration: 2.3ms | Allocations: 1357)
[Webpacker] Everything's up-to-date. Nothing to do
Completed 200 OK in 39ms (Views: 37.3ms | ActiveRecord: 0.2ms | Allocations: 7107)


